<?xml version="1.0" encoding="UTF-8"?>
<!-- Generated by org.testng.reporters.JUnitXMLReporter -->
<testsuite ignored="0" hostname="DESKTOP-4Q8IVI3" failures="0" tests="7" name="Test" time="73.314" errors="0" timestamp="2023-10-24T15:07:45 IST">
  <testcase classname="com.test.TestNG_Annotations" name="testLogo" time="0.433"/>
  <testcase classname="com.test.TestNG_Annotations" name="testRequestDemoButton" time="40.399"/>
  <testcase classname="com.test.TestNG_Annotations" name="testSolutions" time="3.293"/>
  <testcase classname="com.test.TestNG_Annotations" name="testProducts" time="3.632"/>
  <testcase classname="com.test.TestNG_Annotations" name="testCompany" time="2.617"/>
  <testcase classname="com.test.TestNG_Annotations" name="testResources" time="15.157"/>
  <testcase classname="com.test.TestNG_Annotations" name="testRpaLink" time="2.842"/>
</testsuite> <!-- Test -->
