<?xml version="1.0" encoding="UTF-8"?>
<testng-results ignored="0" total="7" passed="7" failed="0" skipped="0">
  <reporter-output>
  </reporter-output>
  <suite started-at="2023-10-24T15:06:31 IST" name="Suite" finished-at="2023-10-24T15:07:45 IST" duration-ms="73314">
    <groups>
    </groups>
    <test started-at="2023-10-24T15:06:31 IST" name="Test" finished-at="2023-10-24T15:07:45 IST" duration-ms="73314">
      <class name="com.test.TestNG_Annotations">
        <test-method is-config="true" signature="beforeTest()[pri:0, instance:com.test.TestNG_Annotations@797501a]" started-at="2023-10-24T15:06:31 IST" name="beforeTest" finished-at="2023-10-24T15:06:36 IST" duration-ms="4556" status="PASS">
          <reporter-output>
          </reporter-output>
        </test-method> <!-- beforeTest -->
        <test-method signature="testLogo()[pri:0, instance:com.test.TestNG_Annotations@797501a]" started-at="2023-10-24T15:06:36 IST" name="testLogo" finished-at="2023-10-24T15:06:37 IST" duration-ms="433" status="PASS">
          <reporter-output>
          </reporter-output>
        </test-method> <!-- testLogo -->
        <test-method signature="testRequestDemoButton()[pri:0, instance:com.test.TestNG_Annotations@797501a]" started-at="2023-10-24T15:06:37 IST" name="testRequestDemoButton" finished-at="2023-10-24T15:07:17 IST" duration-ms="40399" status="PASS">
          <reporter-output>
          </reporter-output>
        </test-method> <!-- testRequestDemoButton -->
        <test-method signature="testSolutions()[pri:0, instance:com.test.TestNG_Annotations@797501a]" started-at="2023-10-24T15:07:17 IST" name="testSolutions" finished-at="2023-10-24T15:07:20 IST" duration-ms="3293" status="PASS">
          <reporter-output>
          </reporter-output>
        </test-method> <!-- testSolutions -->
        <test-method signature="testProducts()[pri:1, instance:com.test.TestNG_Annotations@797501a]" started-at="2023-10-24T15:07:20 IST" name="testProducts" finished-at="2023-10-24T15:07:24 IST" duration-ms="3632" status="PASS">
          <reporter-output>
          </reporter-output>
        </test-method> <!-- testProducts -->
        <test-method signature="testCompany()[pri:2, instance:com.test.TestNG_Annotations@797501a]" started-at="2023-10-24T15:07:24 IST" name="testCompany" finished-at="2023-10-24T15:07:26 IST" duration-ms="2617" status="PASS">
          <reporter-output>
          </reporter-output>
        </test-method> <!-- testCompany -->
        <test-method signature="testResources()[pri:4, instance:com.test.TestNG_Annotations@797501a]" started-at="2023-10-24T15:07:26 IST" name="testResources" finished-at="2023-10-24T15:07:42 IST" duration-ms="15157" status="PASS">
          <reporter-output>
          </reporter-output>
        </test-method> <!-- testResources -->
        <test-method signature="testRpaLink()[pri:6, instance:com.test.TestNG_Annotations@797501a]" started-at="2023-10-24T15:07:42 IST" name="testRpaLink" finished-at="2023-10-24T15:07:44 IST" duration-ms="2842" status="PASS">
          <reporter-output>
          </reporter-output>
        </test-method> <!-- testRpaLink -->
        <test-method is-config="true" signature="afterTest()[pri:0, instance:com.test.TestNG_Annotations@797501a]" started-at="2023-10-24T15:07:44 IST" name="afterTest" finished-at="2023-10-24T15:07:45 IST" duration-ms="245" status="PASS">
          <reporter-output>
          </reporter-output>
        </test-method> <!-- afterTest -->
      </class> <!-- com.test.TestNG_Annotations -->
    </test> <!-- Test -->
  </suite> <!-- Suite -->
</testng-results>
