<?xml version="1.0" encoding="UTF-8"?>
<testsuite xmlns:xsi="http://www.w3.org/2001/XMLSchema-instance" xsi:noNamespaceSchemaLocation="https://maven.apache.org/surefire/maven-surefire-plugin/xsd/surefire-test-report-3.0.xsd" version="3.0" name="TestSuite" time="79.107" tests="7" errors="0" skipped="0" failures="0">
  <properties>
[...]
</properties>
  <testcase name="testLogo" classname="com.test.TestNG_Annotations" time="0.436">
    <system-out><![CDATA[Automation Anywhere Logo tag: img
]]></system-out>
  </testcase>
  <testcase name="testRequestDemoButton" classname="com.test.TestNG_Annotations" time="40.4">
    <system-out><![CDATA[URL after clicking on Request Demo Button: https://www.automationanywhere.com/request-live-demo-2
]]></system-out>
  </testcase>
  <testcase name="testSolutions" classname="com.test.TestNG_Annotations" time="3.302">
    <system-out><![CDATA[URL after clicking on Products Link: https://www.automationanywhere.com/solutions
]]></system-out>
  </testcase>
  <testcase name="testProducts" classname="com.test.TestNG_Annotations" time="3.625">
    <system-out><![CDATA[URL after clicking on Products Link: https://www.automationanywhere.com/products
]]></system-out>
  </testcase>
  <testcase name="testCompany" classname="com.test.TestNG_Annotations" time="2.617">
    <system-out><![CDATA[URL after clicking on Company Link: https://www.automationanywhere.com/company/about-us
]]></system-out>
  </testcase>
  <testcase name="testResources" classname="com.test.TestNG_Annotations" time="15.157">
    <system-out><![CDATA[URL after clicking on Resources Link: https://www.automationanywhere.com/resources
]]></system-out>
  </testcase>
  <testcase name="testRpaLink" classname="com.test.TestNG_Annotations" time="2.845">
    <system-out><![CDATA[URL after clicking on Beyond RPA Link: https://www.automationanywhere.com/rpa/robotic-process-automation
]]></system-out>
  </testcase>
</testsuite>